<?xml version="1.0"?>
<component name="org.nuxeo.ecm.test.social.workspace.service.contrib">

  <extension target="org.nuxeo.ecm.social.workspace.service.SocialWorkspaceComponent"
    point="configuration">
    <configuration>
      <validationTimeInDays>3</validationTimeInDays>
      <socialWorkspaceContainerPath>/default-domain/test-social-workspaces</socialWorkspaceContainerPath>
    </configuration>
  </extension>

</component>
